<?xml version="1.0" encoding="UTF-8"?>
<!-- Generated by org.testng.reporters.JUnitXMLReporter -->
<testsuite hostname="LAPTOP-6R0MG28E" ignored="0" name="Command line test" tests="3" failures="0" timestamp="23 Nov 2020 17:24:23 GMT" time="24.42" errors="0">
  <testcase name="addNumtest" time="0.048" classname="com.trn.jen.DemoTest"/>
  <testcase name="subNumtest" time="0.001" classname="com.trn.jen.DemoTest"/>
  <testcase name="validateGoogleId" time="14.693" classname="com.trn.jen.SampleSeleniumTest"/>
</testsuite> <!-- Command line test -->
